  [1m[35m (164.4ms)[0m  [1m[35mCREATE DATABASE "cats99_development" ENCODING = 'unicode'[0m
  [1m[35m (96.3ms)[0m  [1m[35mCREATE DATABASE "cats99_test" ENCODING = 'unicode'[0m
  [1m[35m (15.1ms)[0m  [1m[35mCREATE TABLE "schema_migrations" ("version" character varying NOT NULL PRIMARY KEY)[0m
  [1m[35m (9.6ms)[0m  [1m[35mCREATE TABLE "ar_internal_metadata" ("key" character varying NOT NULL PRIMARY KEY, "value" character varying, "created_at" timestamp(6) NOT NULL, "updated_at" timestamp(6) NOT NULL)[0m
  [1m[35m (0.5ms)[0m  [1m[34mSELECT pg_try_advisory_lock(7809834472913233005)[0m
  [1m[36mActiveRecord::SchemaMigration Pluck (0.4ms)[0m  [1m[34mSELECT "schema_migrations"."version" FROM "schema_migrations" ORDER BY "schema_migrations"."version" ASC[0m
Migrating to CreateCats (20230217215218)
  [1m[36mTRANSACTION (0.2ms)[0m  [1m[35mBEGIN[0m
  [1m[35m (9.1ms)[0m  [1m[35mCREATE TABLE "cats" ("id" bigserial primary key, "birth_date" date NOT NULL, "color" character varying NOT NULL, "name" character varying NOT NULL, "sex" character varying(1) NOT NULL, "description" text, "created_at" timestamp(6) NOT NULL, "updated_at" timestamp(6) NOT NULL)[0m
  [1m[36mActiveRecord::SchemaMigration Create (0.7ms)[0m  [1m[32mINSERT INTO "schema_migrations" ("version") VALUES ($1) RETURNING "version"[0m  [["version", "20230217215218"]]
  [1m[36mTRANSACTION (2.1ms)[0m  [1m[35mCOMMIT[0m
  [1m[36mActiveRecord::InternalMetadata Load (0.2ms)[0m  [1m[34mSELECT "ar_internal_metadata".* FROM "ar_internal_metadata" WHERE "ar_internal_metadata"."key" = $1 LIMIT $2[0m  [["key", "environment"], ["LIMIT", 1]]
  [1m[36mTRANSACTION (0.2ms)[0m  [1m[35mBEGIN[0m
  [1m[36mActiveRecord::InternalMetadata Create (0.4ms)[0m  [1m[32mINSERT INTO "ar_internal_metadata" ("key", "value", "created_at", "updated_at") VALUES ($1, $2, $3, $4) RETURNING "key"[0m  [["key", "environment"], ["value", "development"], ["created_at", "2023-02-17 21:55:29.483385"], ["updated_at", "2023-02-17 21:55:29.483385"]]
  [1m[36mTRANSACTION (1.9ms)[0m  [1m[35mCOMMIT[0m
  [1m[35m (0.3ms)[0m  [1m[34mSELECT pg_advisory_unlock(7809834472913233005)[0m
  [1m[36mActiveRecord::SchemaMigration Pluck (0.3ms)[0m  [1m[34mSELECT "schema_migrations"."version" FROM "schema_migrations" ORDER BY "schema_migrations"."version" ASC[0m
  [1m[36mActiveRecord::SchemaMigration Pluck (0.3ms)[0m  [1m[34mSELECT "schema_migrations"."version" FROM "schema_migrations" ORDER BY "schema_migrations"."version" ASC[0m
  [1m[35m (170.9ms)[0m  [1m[35mCREATE DATABASE "cats99_development" ENCODING = 'unicode'[0m
  [1m[35m (138.2ms)[0m  [1m[35mCREATE DATABASE "cats99_test" ENCODING = 'unicode'[0m
  [1m[35m (6.0ms)[0m  [1m[35mCREATE TABLE "schema_migrations" ("version" character varying NOT NULL PRIMARY KEY)[0m
  [1m[35m (3.5ms)[0m  [1m[35mCREATE TABLE "ar_internal_metadata" ("key" character varying NOT NULL PRIMARY KEY, "value" character varying, "created_at" timestamp(6) NOT NULL, "updated_at" timestamp(6) NOT NULL)[0m
  [1m[35m (0.3ms)[0m  [1m[34mSELECT pg_try_advisory_lock(7809834472913233005)[0m
  [1m[36mActiveRecord::SchemaMigration Pluck (0.4ms)[0m  [1m[34mSELECT "schema_migrations"."version" FROM "schema_migrations" ORDER BY "schema_migrations"."version" ASC[0m
Migrating to CreateCats (20230217215218)
  [1m[36mTRANSACTION (0.2ms)[0m  [1m[35mBEGIN[0m
  [1m[35m (5.7ms)[0m  [1m[35mCREATE TABLE "cats" ("id" bigserial primary key, "birth_date" date NOT NULL, "color" character varying NOT NULL, "name" character varying NOT NULL, "sex" character varying(1) NOT NULL, "description" text, "created_at" timestamp(6) NOT NULL, "updated_at" timestamp(6) NOT NULL)[0m
  [1m[36mActiveRecord::SchemaMigration Create (0.5ms)[0m  [1m[32mINSERT INTO "schema_migrations" ("version") VALUES ($1) RETURNING "version"[0m  [["version", "20230217215218"]]
  [1m[36mTRANSACTION (0.4ms)[0m  [1m[35mCOMMIT[0m
  [1m[36mActiveRecord::InternalMetadata Load (0.3ms)[0m  [1m[34mSELECT "ar_internal_metadata".* FROM "ar_internal_metadata" WHERE "ar_internal_metadata"."key" = $1 LIMIT $2[0m  [["key", "environment"], ["LIMIT", 1]]
  [1m[36mTRANSACTION (0.1ms)[0m  [1m[35mBEGIN[0m
  [1m[36mActiveRecord::InternalMetadata Create (0.6ms)[0m  [1m[32mINSERT INTO "ar_internal_metadata" ("key", "value", "created_at", "updated_at") VALUES ($1, $2, $3, $4) RETURNING "key"[0m  [["key", "environment"], ["value", "development"], ["created_at", "2023-02-17 22:36:31.088482"], ["updated_at", "2023-02-17 22:36:31.088482"]]
  [1m[36mTRANSACTION (0.4ms)[0m  [1m[35mCOMMIT[0m
  [1m[35m (0.2ms)[0m  [1m[34mSELECT pg_advisory_unlock(7809834472913233005)[0m
  [1m[36mActiveRecord::SchemaMigration Pluck (0.7ms)[0m  [1m[34mSELECT "schema_migrations"."version" FROM "schema_migrations" ORDER BY "schema_migrations"."version" ASC[0m
  [1m[36mTRANSACTION (0.2ms)[0m  [1m[35mBEGIN[0m
  [1m[36mCat Create (1.9ms)[0m  [1m[32mINSERT INTO "cats" ("birth_date", "color", "name", "sex", "description", "created_at", "updated_at") VALUES ($1, $2, $3, $4, $5, $6, $7) RETURNING "id"[0m  [["birth_date", "2023-02-18"], ["color", "orange"], ["name", "scruff"], ["sex", "M"], ["description", nil], ["created_at", "2023-02-17 22:41:17.078196"], ["updated_at", "2023-02-17 22:41:17.078196"]]
  [1m[36mTRANSACTION (0.6ms)[0m  [1m[35mCOMMIT[0m
  [1m[36mTRANSACTION (0.1ms)[0m  [1m[35mBEGIN[0m
  [1m[36mCat Create (0.3ms)[0m  [1m[32mINSERT INTO "cats" ("birth_date", "color", "name", "sex", "description", "created_at", "updated_at") VALUES ($1, $2, $3, $4, $5, $6, $7) RETURNING "id"[0m  [["birth_date", "2023-02-18"], ["color", "orange"], ["name", "scruff"], ["sex", "M"], ["description", nil], ["created_at", "2023-02-17 22:43:57.335728"], ["updated_at", "2023-02-17 22:43:57.335728"]]
  [1m[36mTRANSACTION (0.4ms)[0m  [1m[35mCOMMIT[0m
  [1m[36mTRANSACTION (0.2ms)[0m  [1m[35mBEGIN[0m
  [1m[36mCat Create (0.3ms)[0m  [1m[32mINSERT INTO "cats" ("birth_date", "color", "name", "sex", "description", "created_at", "updated_at") VALUES ($1, $2, $3, $4, $5, $6, $7) RETURNING "id"[0m  [["birth_date", "2023-02-18"], ["color", "orange"], ["name", "scruff"], ["sex", "M"], ["description", nil], ["created_at", "2023-02-17 22:46:04.288943"], ["updated_at", "2023-02-17 22:46:04.288943"]]
  [1m[36mTRANSACTION (0.4ms)[0m  [1m[35mCOMMIT[0m
  [1m[36mTRANSACTION (0.2ms)[0m  [1m[35mBEGIN[0m
  [1m[36mCat Create (5.9ms)[0m  [1m[32mINSERT INTO "cats" ("birth_date", "color", "name", "sex", "description", "created_at", "updated_at") VALUES ($1, $2, $3, $4, $5, $6, $7) RETURNING "id"[0m  [["birth_date", "2023-02-17"], ["color", "orange"], ["name", "scruff"], ["sex", "M"], ["description", nil], ["created_at", "2023-02-18 21:11:34.762779"], ["updated_at", "2023-02-18 21:11:34.762779"]]
  [1m[36mTRANSACTION (2.4ms)[0m  [1m[35mCOMMIT[0m
Started GET "/cats" for ::1 at 2023-02-19 14:13:13 -0500
  [1m[36mActiveRecord::SchemaMigration Pluck (7.5ms)[0m  [1m[34mSELECT "schema_migrations"."version" FROM "schema_migrations" ORDER BY "schema_migrations"."version" ASC[0m

ActionController::RoutingError - uninitialized constant CatsController
      Object.const_get(camel_cased_word)
            ^^^^^^^^^^
Did you mean?  SController
            raise MissingController.new(error.message, error.name)
            ^^^^^:

Started GET "/cats" for ::1 at 2023-02-19 14:14:00 -0500
Processing by CatsController#index as */*
Completed 500 Internal Server Error in 10ms (ActiveRecord: 0.0ms | Allocations: 4149)



ActionView::MissingTemplate - Missing template cats/index, application/index with {:locale=>[:en], :formats=>[:html, :text, :js, :css, :ics, :csv, :vcf, :vtt, :png, :jpeg, :gif, :bmp, :tiff, :svg, :mpeg, :mp3, :ogg, :m4a, :webm, :mp4, :otf, :ttf, :woff, :woff2, :xml, :rss, :atom, :yaml, :multipart_form, :url_encoded_form, :json, :pdf, :zip, :gzip], :variants=>[], :handlers=>[:raw, :erb, :html, :builder, :ruby]}.
Searched in:
  * "/Users/danholodak/Documents/coding/app_academy/wk6/w6d5/cats99/app/views"
Did you mean?  /index
               layouts/application
               /show:
  app/controllers/cats_controller.rb:5:in `index'

Started GET "/cats" for ::1 at 2023-02-19 14:15:30 -0500
Processing by CatsController#index as */*
Completed 500 Internal Server Error in 9ms (ActiveRecord: 0.0ms | Allocations: 3875)



NoMethodError - undefined method `render_template' for #<CatsController:0x00000000005898>
        render_template 'index'
        ^^^^^^^^^^^^^^^
Did you mean?  _render_template:
  app/controllers/cats_controller.rb:5:in `index'

Started GET "/cats" for ::1 at 2023-02-19 14:18:10 -0500
Processing by CatsController#index as */*
  Rendering layout layouts/application.html.erb
  Rendering cats/index.html.erb within layouts/application
  [1m[36mCat Load (3.5ms)[0m  [1m[34mSELECT "cats".* FROM "cats"[0m
  ↳ app/views/cats/index.html.erb:3
  Rendered cats/index.html.erb within layouts/application (Duration: 26.5ms | Allocations: 9030)
  Rendered layout layouts/application.html.erb (Duration: 26.7ms | Allocations: 9136)
Completed 500 Internal Server Error in 34ms (ActiveRecord: 12.7ms | Allocations: 11365)



ActionView::MissingTemplate - Missing partial cats/_cat with {:locale=>[:en], :formats=>[:html, :text, :js, :css, :ics, :csv, :vcf, :vtt, :png, :jpeg, :gif, :bmp, :tiff, :svg, :mpeg, :mp3, :ogg, :m4a, :webm, :mp4, :otf, :ttf, :woff, :woff2, :xml, :rss, :atom, :yaml, :multipart_form, :url_encoded_form, :json, :pdf, :zip, :gzip], :variants=>[], :handlers=>[:raw, :erb, :html, :builder, :ruby]}.
Searched in:
  * "/Users/danholodak/Documents/coding/app_academy/wk6/w6d5/cats99/app/views"
Did you mean?  shared/cat
               shared/form:
  app/views/cats/index.html.erb:3
  app/controllers/cats_controller.rb:5:in `index'

Started GET "/cats" for ::1 at 2023-02-19 14:18:44 -0500
Processing by CatsController#index as */*
  Rendering layout layouts/application.html.erb
  Rendering cats/index.html.erb within layouts/application
  [1m[36mCat Load (0.5ms)[0m  [1m[34mSELECT "cats".* FROM "cats"[0m
  ↳ app/views/cats/index.html.erb:3
  Rendered collection of cats/_cat.html.erb [4 times] (Duration: 0.5ms | Allocations: 178)
  Rendered cats/index.html.erb within layouts/application (Duration: 4.3ms | Allocations: 1207)
  Rendered layout layouts/application.html.erb (Duration: 31.5ms | Allocations: 7699)
Completed 200 OK in 33ms (Views: 32.7ms | ActiveRecord: 0.5ms | Allocations: 8523)


Started GET "/cats" for 127.0.0.1 at 2023-02-19 14:19:01 -0500
Processing by CatsController#index as HTML
  Rendering layout layouts/application.html.erb
  Rendering cats/index.html.erb within layouts/application
  [1m[36mCat Load (0.4ms)[0m  [1m[34mSELECT "cats".* FROM "cats"[0m
  ↳ app/views/cats/index.html.erb:3
  Rendered collection of cats/_cat.html.erb [4 times] (Duration: 0.1ms | Allocations: 41)
  Rendered cats/index.html.erb within layouts/application (Duration: 2.3ms | Allocations: 765)
  Rendered layout layouts/application.html.erb (Duration: 4.6ms | Allocations: 1798)
Completed 200 OK in 5ms (Views: 4.7ms | ActiveRecord: 0.4ms | Allocations: 2022)


Started GET "/cats/1" for 127.0.0.1 at 2023-02-19 14:19:16 -0500
Processing by CatsController#show as HTML
  Parameters: {"id"=>"1"}
  [1m[36mCat Load (0.9ms)[0m  [1m[34mSELECT "cats".* FROM "cats" WHERE "cats"."id" = $1 LIMIT $2[0m  [["id", 1], ["LIMIT", 1]]
  ↳ app/controllers/cats_controller.rb:29:in `show'
  Rendering layout layouts/application.html.erb
  Rendering cats/show.html.erb within layouts/application
  Rendered cats/show.html.erb within layouts/application (Duration: 4.7ms | Allocations: 5256)
  Rendered layout layouts/application.html.erb (Duration: 5.0ms | Allocations: 5338)
Completed 500 Internal Server Error in 20ms (ActiveRecord: 1.1ms | Allocations: 11049)



NameError - undefined local variable or method `cat' for #<ActionView::Base:0x000000000068b0>
Did you mean?  @cat:
  app/views/cats/show.html.erb:2
  app/controllers/cats_controller.rb:31:in `show'

Started POST "/__better_errors/14d17c3c12965f77/variables" for 127.0.0.1 at 2023-02-19 14:19:17 -0500
Started GET "/cats/1" for 127.0.0.1 at 2023-02-19 14:20:30 -0500
Processing by CatsController#show as HTML
  Parameters: {"id"=>"1"}
  [1m[36mCat Load (0.2ms)[0m  [1m[34mSELECT "cats".* FROM "cats" WHERE "cats"."id" = $1 LIMIT $2[0m  [["id", 1], ["LIMIT", 1]]
  ↳ app/controllers/cats_controller.rb:29:in `show'
  Rendering layout layouts/application.html.erb
  Rendering cats/show.html.erb within layouts/application
  Rendered cats/show.html.erb within layouts/application (Duration: 6.0ms | Allocations: 5320)
  Rendered layout layouts/application.html.erb (Duration: 6.3ms | Allocations: 5408)
Completed 500 Internal Server Error in 10ms (ActiveRecord: 0.2ms | Allocations: 6754)



NameError - undefined local variable or method `cat' for #<ActionView::Base:0x00000000006978>
Did you mean?  @cat:
  app/views/cats/show.html.erb:26
  app/controllers/cats_controller.rb:31:in `show'

Started POST "/__better_errors/d93b8b886d2dbced/variables" for 127.0.0.1 at 2023-02-19 14:20:31 -0500
Started GET "/cats/1" for 127.0.0.1 at 2023-02-19 14:21:09 -0500
Processing by CatsController#show as HTML
  Parameters: {"id"=>"1"}
  [1m[36mCat Load (0.3ms)[0m  [1m[34mSELECT "cats".* FROM "cats" WHERE "cats"."id" = $1 LIMIT $2[0m  [["id", 1], ["LIMIT", 1]]
  ↳ app/controllers/cats_controller.rb:29:in `show'
  Rendering layout layouts/application.html.erb
  Rendering cats/show.html.erb within layouts/application
  Rendered cats/show.html.erb within layouts/application (Duration: 0.4ms | Allocations: 223)
  Rendered layout layouts/application.html.erb (Duration: 3.8ms | Allocations: 1754)
Completed 200 OK in 7ms (Views: 5.6ms | ActiveRecord: 0.3ms | Allocations: 3121)


Started GET "/cats/1" for 127.0.0.1 at 2023-02-19 14:21:50 -0500
Processing by CatsController#show as HTML
  Parameters: {"id"=>"1"}
  [1m[36mCat Load (0.3ms)[0m  [1m[34mSELECT "cats".* FROM "cats" WHERE "cats"."id" = $1 LIMIT $2[0m  [["id", 1], ["LIMIT", 1]]
  ↳ app/controllers/cats_controller.rb:29:in `show'
  Rendering layout layouts/application.html.erb
  Rendering cats/show.html.erb within layouts/application
  Rendered cats/show.html.erb within layouts/application (Duration: 0.5ms | Allocations: 226)
  Rendered layout layouts/application.html.erb (Duration: 3.7ms | Allocations: 1729)
Completed 200 OK in 7ms (Views: 5.4ms | ActiveRecord: 0.3ms | Allocations: 3098)


Started GET "/cats/2" for 127.0.0.1 at 2023-02-19 14:22:02 -0500
Processing by CatsController#show as HTML
  Parameters: {"id"=>"2"}
  [1m[36mCat Load (0.2ms)[0m  [1m[34mSELECT "cats".* FROM "cats" WHERE "cats"."id" = $1 LIMIT $2[0m  [["id", 2], ["LIMIT", 1]]
  ↳ app/controllers/cats_controller.rb:29:in `show'
  Rendering layout layouts/application.html.erb
  Rendering cats/show.html.erb within layouts/application
  Rendered cats/show.html.erb within layouts/application (Duration: 0.1ms | Allocations: 18)
  Rendered layout layouts/application.html.erb (Duration: 2.2ms | Allocations: 1149)
Completed 200 OK in 4ms (Views: 2.7ms | ActiveRecord: 0.2ms | Allocations: 2012)


Started GET "/cats/3" for 127.0.0.1 at 2023-02-19 14:22:09 -0500
Processing by CatsController#show as HTML
  Parameters: {"id"=>"3"}
  [1m[36mCat Load (0.3ms)[0m  [1m[34mSELECT "cats".* FROM "cats" WHERE "cats"."id" = $1 LIMIT $2[0m  [["id", 3], ["LIMIT", 1]]
  ↳ app/controllers/cats_controller.rb:29:in `show'
  Rendering layout layouts/application.html.erb
  Rendering cats/show.html.erb within layouts/application
  Rendered cats/show.html.erb within layouts/application (Duration: 0.1ms | Allocations: 18)
  Rendered layout layouts/application.html.erb (Duration: 2.4ms | Allocations: 1131)
Completed 200 OK in 5ms (Views: 3.1ms | ActiveRecord: 0.3ms | Allocations: 1875)


Started GET "/cats/4" for 127.0.0.1 at 2023-02-19 14:22:15 -0500
Processing by CatsController#show as HTML
  Parameters: {"id"=>"4"}
  [1m[36mCat Load (0.2ms)[0m  [1m[34mSELECT "cats".* FROM "cats" WHERE "cats"."id" = $1 LIMIT $2[0m  [["id", 4], ["LIMIT", 1]]
  ↳ app/controllers/cats_controller.rb:29:in `show'
  Rendering layout layouts/application.html.erb
  Rendering cats/show.html.erb within layouts/application
  Rendered cats/show.html.erb within layouts/application (Duration: 0.1ms | Allocations: 19)
  Rendered layout layouts/application.html.erb (Duration: 2.3ms | Allocations: 1136)
Completed 200 OK in 5ms (Views: 2.8ms | ActiveRecord: 0.2ms | Allocations: 1906)


Started GET "/cats/new" for ::1 at 2023-02-19 14:43:35 -0500
Processing by CatsController#new as */*
  Rendering layout layouts/application.html.erb
  Rendering cats/new.html.erb within layouts/application
  Rendered cats/_form.html.erb (Duration: 1.3ms | Allocations: 1924)
  Rendered cats/new.html.erb within layouts/application (Duration: 2.4ms | Allocations: 2177)
  Rendered layout layouts/application.html.erb (Duration: 2.6ms | Allocations: 2263)
Completed 500 Internal Server Error in 5ms (Allocations: 3041)



ActionView::SyntaxErrorInTemplate - Encountered a syntax error while rendering template: check <% action_url = (action == :create) ? cats_url : cat_url(cat.id) %>
<% button_text = (action == :create) ? "Create Cat" : "Update Cat" %>
<% header_text = (action == :create) ? "Create a new Cat!" : "Update a Cat!" %>
<header>
<h1><%=header_text%></h1>
</header>
<form action="<%=action_url%>" method="POST">
    <%=<input type="hidden" name="_method" value="PATCH"> if action == :update %>
<label for="name">Cat's Name:</label>
<input id="name" type="text" name="cat[name]" value="<%= cat.name %>">
<label for="birthdate">Cat's Birth Date:</label>
<input id="birthdate" type="text" name="cat[birth_date]" value="<%= cat.birth_date %>">
<label for="color">Cat's Color:</label>
<input id="color" type="text" name="cat[color]" value="<%= cat.color %>">
<label for="sex">Cat's Sex:</label>
<input id="sex" type="text" name="cat[sex]" value="<%= cat.sex %>">
<label for="description">A description of the cat:</label>
<text-area>
<input type="submit" value="<%= button_text %>">:
  app/views/cats/new.html.erb:1
  app/controllers/cats_controller.rb:19:in `new'

Started GET "/cats/4" for 127.0.0.1 at 2023-02-19 14:49:58 -0500
Processing by CatsController#show as HTML
  Parameters: {"id"=>"4"}
  [1m[36mCat Load (0.6ms)[0m  [1m[34mSELECT "cats".* FROM "cats" WHERE "cats"."id" = $1 LIMIT $2[0m  [["id", 4], ["LIMIT", 1]]
  ↳ app/controllers/cats_controller.rb:29:in `show'
  Rendering layout layouts/application.html.erb
  Rendering cats/show.html.erb within layouts/application
  Rendered cats/show.html.erb within layouts/application (Duration: 1.0ms | Allocations: 197)
  Rendered layout layouts/application.html.erb (Duration: 4.4ms | Allocations: 1685)
Completed 200 OK in 35ms (Views: 5.1ms | ActiveRecord: 9.9ms | Allocations: 5679)


Started GET "/cats/" for 127.0.0.1 at 2023-02-19 14:50:03 -0500
Processing by CatsController#index as HTML
  Rendering layout layouts/application.html.erb
  Rendering cats/index.html.erb within layouts/application
  [1m[36mCat Load (0.3ms)[0m  [1m[34mSELECT "cats".* FROM "cats"[0m
  ↳ app/views/cats/index.html.erb:3
  Rendered collection of cats/_cat.html.erb [4 times] (Duration: 1.0ms | Allocations: 136)
  Rendered cats/index.html.erb within layouts/application (Duration: 4.1ms | Allocations: 1040)
  Rendered layout layouts/application.html.erb (Duration: 6.3ms | Allocations: 2149)
Completed 200 OK in 7ms (Views: 6.7ms | ActiveRecord: 0.3ms | Allocations: 2406)


Started GET "/cats/new" for 127.0.0.1 at 2023-02-19 14:50:14 -0500
Processing by CatsController#new as HTML
  Rendering layout layouts/application.html.erb
  Rendering cats/new.html.erb within layouts/application
  Rendered cats/_form.html.erb (Duration: 2.2ms | Allocations: 1876)
  Rendered cats/new.html.erb within layouts/application (Duration: 2.5ms | Allocations: 1938)
  Rendered layout layouts/application.html.erb (Duration: 2.6ms | Allocations: 2018)
Completed 500 Internal Server Error in 3ms (ActiveRecord: 0.0ms | Allocations: 2212)



ActionView::SyntaxErrorInTemplate - Encountered a syntax error while rendering template: check <% action_url = (action == :create) ? cats_url : cat_url(cat.id) %>
<% button_text = (action == :create) ? "Create Cat" : "Update Cat" %>
<% header_text = (action == :create) ? "Create a new Cat!" : "Update a Cat!" %>
<header>
<h1><%=header_text%></h1>
</header>
<form action="<%=action_url%>" method="POST">
    <%=<input type="hidden" name="_method" value="PATCH"> if action == :update %>
<label for="name">Cat's Name:</label>
<input id="name" type="text" name="cat[name]" value="<%= cat.name %>">
<label for="birthdate">Cat's Birth Date:</label>
<input id="birthdate" type="text" name="cat[birth_date]" value="<%= cat.birth_date %>">
<label for="color">Cat's Color:</label>
<input id="color" type="text" name="cat[color]" value="<%= cat.color %>">
<label for="sex">Cat's Sex:</label>
<input id="sex" type="text" name="cat[sex]" value="<%= cat.sex %>">
<label for="description">A description of the cat:</label>
<text-area>
<input type="submit" value="<%= button_text %>">:
  app/views/cats/new.html.erb:1
  app/controllers/cats_controller.rb:19:in `new'

Started POST "/__better_errors/9c01e67d73b92b71/variables" for 127.0.0.1 at 2023-02-19 14:50:14 -0500
Started GET "/cats/new" for 127.0.0.1 at 2023-02-19 14:56:49 -0500
Processing by CatsController#new as HTML
  Rendering layout layouts/application.html.erb
  Rendering cats/new.html.erb within layouts/application
  Rendered cats/_form.html.erb (Duration: 0.9ms | Allocations: 300)
  Rendered cats/new.html.erb within layouts/application (Duration: 2.0ms | Allocations: 534)
  Rendered layout layouts/application.html.erb (Duration: 5.9ms | Allocations: 2061)
Completed 200 OK in 8ms (Views: 7.5ms | Allocations: 2769)


Started POST "/cats" for 127.0.0.1 at 2023-02-19 14:56:56 -0500
Processing by CatsController#create as HTML
  Parameters: {"cat"=>{"name"=>"baby"}}
  Rendering layout layouts/application.html.erb
  Rendering cats/new.html.erb within layouts/application
  Rendered cats/_form.html.erb (Duration: 0.1ms | Allocations: 60)
  Rendered cats/new.html.erb within layouts/application (Duration: 0.3ms | Allocations: 126)
  Rendered layout layouts/application.html.erb (Duration: 2.6ms | Allocations: 1403)
Completed 200 OK in 28ms (Views: 3.0ms | ActiveRecord: 8.7ms | Allocations: 5628)


Started POST "/cats" for 127.0.0.1 at 2023-02-19 14:57:38 -0500
Processing by CatsController#create as HTML
  Parameters: {"cat"=>{"name"=>"baby"}}
  Rendering layout layouts/application.html.erb
  Rendering cats/new.html.erb within layouts/application
  Rendered cats/_form.html.erb (Duration: 1.4ms | Allocations: 1756)
  Rendered cats/new.html.erb within layouts/application (Duration: 2.1ms | Allocations: 1991)
  Rendered layout layouts/application.html.erb (Duration: 2.2ms | Allocations: 2077)
Completed 500 Internal Server Error in 5ms (ActiveRecord: 0.0ms | Allocations: 3516)



ActionView::SyntaxErrorInTemplate - Encountered a syntax error while rendering template: check <% action_url = (action == :create) ? cats_url : cat_url(cat.id) %>
<% button_text = (action == :create) ? "Create Cat" : "Update Cat" %>
<% header_text = (action == :create) ? "Create a new Cat!" : "Update a Cat!" %>
<header>
<h1><%=header_text%></h1>
</header>
<form action="<%=action_url%>" method="POST">
<%=<input type="hidden" name="_method" value="PATCH"> if action == :update %>
   <label for="name">Cat's Name:</label>
<input id="name" type="text" name="cat[name]" value="<%= cat.name %>">
<input type="submit" value="<%= button_text %>">:
  app/views/cats/new.html.erb:1
  app/controllers/cats_controller.rb:13:in `create'

Started POST "/__better_errors/0421979dc4e8482a/variables" for 127.0.0.1 at 2023-02-19 14:57:38 -0500
Started POST "/cats" for 127.0.0.1 at 2023-02-19 14:58:39 -0500
Processing by CatsController#create as HTML
  Parameters: {"cat"=>{"name"=>"baby"}}
  Rendering layout layouts/application.html.erb
  Rendering cats/new.html.erb within layouts/application
  Rendered cats/_form.html.erb (Duration: 0.6ms | Allocations: 276)
  Rendered cats/new.html.erb within layouts/application (Duration: 1.9ms | Allocations: 509)
  Rendered layout layouts/application.html.erb (Duration: 4.1ms | Allocations: 2016)
Completed 200 OK in 7ms (Views: 5.7ms | ActiveRecord: 0.0ms | Allocations: 3541)


Started GET "/cats/update" for 127.0.0.1 at 2023-02-19 14:58:47 -0500
Processing by CatsController#show as HTML
  Parameters: {"id"=>"update"}
  [1m[36mCat Load (0.4ms)[0m  [1m[34mSELECT "cats".* FROM "cats" WHERE "cats"."id" = $1 LIMIT $2[0m  [["id", nil], ["LIMIT", 1]]
  ↳ app/controllers/cats_controller.rb:29:in `show'
Completed 500 Internal Server Error in 4ms (ActiveRecord: 0.5ms | Allocations: 2104)



NoMethodError - undefined method `age' for nil:NilClass
        @age = @cat.age
                   ^^^^:
  app/controllers/cats_controller.rb:30:in `show'

Started POST "/__better_errors/47bdef658de44f07/variables" for 127.0.0.1 at 2023-02-19 14:58:47 -0500
Started GET "/cats/new" for 127.0.0.1 at 2023-02-19 14:58:53 -0500
Processing by CatsController#new as HTML
  Rendering layout layouts/application.html.erb
  Rendering cats/new.html.erb within layouts/application
  Rendered cats/_form.html.erb (Duration: 0.1ms | Allocations: 59)
  Rendered cats/new.html.erb within layouts/application (Duration: 0.3ms | Allocations: 125)
  Rendered layout layouts/application.html.erb (Duration: 7.8ms | Allocations: 1416)
Completed 200 OK in 9ms (Views: 8.4ms | ActiveRecord: 0.0ms | Allocations: 1686)


Started GET "/cats/edit" for 127.0.0.1 at 2023-02-19 14:59:00 -0500
Processing by CatsController#show as HTML
  Parameters: {"id"=>"edit"}
  [1m[36mCat Load (0.4ms)[0m  [1m[34mSELECT "cats".* FROM "cats" WHERE "cats"."id" = $1 LIMIT $2[0m  [["id", nil], ["LIMIT", 1]]
  ↳ app/controllers/cats_controller.rb:29:in `show'
Completed 500 Internal Server Error in 3ms (ActiveRecord: 0.4ms | Allocations: 1931)



NoMethodError - undefined method `age' for nil:NilClass
        @age = @cat.age
                   ^^^^:
  app/controllers/cats_controller.rb:30:in `show'

Started POST "/__better_errors/8f4778cce4b5b2c1/variables" for 127.0.0.1 at 2023-02-19 14:59:01 -0500
Started GET "/cats/1/edit" for 127.0.0.1 at 2023-02-19 14:59:31 -0500
Processing by CatsController#edit as HTML
  Parameters: {"id"=>"1"}
  [1m[36mCat Load (0.4ms)[0m  [1m[34mSELECT "cats".* FROM "cats" WHERE "cats"."id" = $1 LIMIT $2[0m  [["id", 1], ["LIMIT", 1]]
  ↳ app/controllers/cats_controller.rb:23:in `edit'
  Rendering layout layouts/application.html.erb
  Rendering cats/edit.html.erb within layouts/application
  Rendered cats/_form.html.erb (Duration: 0.2ms | Allocations: 82)
  Rendered cats/edit.html.erb within layouts/application (Duration: 1.8ms | Allocations: 260)
  Rendered layout layouts/application.html.erb (Duration: 4.5ms | Allocations: 1540)
Completed 200 OK in 7ms (Views: 5.4ms | ActiveRecord: 0.4ms | Allocations: 2435)


Started PATCH "/cats/1" for 127.0.0.1 at 2023-02-19 14:59:41 -0500
Processing by CatsController#update as HTML
  Parameters: {"cat"=>{"name"=>"scruff1"}, "id"=>"1"}
  [1m[36mCat Load (0.2ms)[0m  [1m[34mSELECT "cats".* FROM "cats" WHERE "cats"."id" = $1 LIMIT $2[0m  [["id", 1], ["LIMIT", 1]]
  ↳ app/controllers/cats_controller.rb:36:in `update'
Completed 500 Internal Server Error in 2ms (ActiveRecord: 0.2ms | Allocations: 613)



ArgumentError - wrong number of arguments (given 0, expected 1):
  app/controllers/cats_controller.rb:37:in `update'

Started POST "/__better_errors/9f2b4825a88ef709/variables" for 127.0.0.1 at 2023-02-19 14:59:41 -0500
Started PATCH "/cats/1" for 127.0.0.1 at 2023-02-19 15:11:16 -0500
Processing by CatsController#update as HTML
  Parameters: {"cat"=>{"name"=>"scruff1"}, "id"=>"1"}
  [1m[36mCat Load (0.4ms)[0m  [1m[34mSELECT "cats".* FROM "cats" WHERE "cats"."id" = $1 LIMIT $2[0m  [["id", 1], ["LIMIT", 1]]
  ↳ app/controllers/cats_controller.rb:36:in `update'
  [1m[36mTRANSACTION (0.1ms)[0m  [1m[35mBEGIN[0m
  ↳ app/controllers/cats_controller.rb:37:in `update'
  [1m[36mCat Update (2.9ms)[0m  [1m[33mUPDATE "cats" SET "name" = $1, "updated_at" = $2 WHERE "cats"."id" = $3[0m  [["name", "scruff1"], ["updated_at", "2023-02-19 20:11:16.441221"], ["id", 1]]
  ↳ app/controllers/cats_controller.rb:37:in `update'
  [1m[36mTRANSACTION (1.7ms)[0m  [1m[35mCOMMIT[0m
  ↳ app/controllers/cats_controller.rb:37:in `update'
Redirected to http://localhost:3000/cats/1
Completed 302 Found in 40ms (ActiveRecord: 12.9ms | Allocations: 10878)


Started GET "/cats/1" for 127.0.0.1 at 2023-02-19 15:11:16 -0500
Processing by CatsController#show as HTML
  Parameters: {"id"=>"1"}
  [1m[36mCat Load (0.3ms)[0m  [1m[34mSELECT "cats".* FROM "cats" WHERE "cats"."id" = $1 LIMIT $2[0m  [["id", 1], ["LIMIT", 1]]
  ↳ app/controllers/cats_controller.rb:29:in `show'
  Rendering layout layouts/application.html.erb
  Rendering cats/show.html.erb within layouts/application
  Rendered cats/show.html.erb within layouts/application (Duration: 1.1ms | Allocations: 230)
  Rendered layout layouts/application.html.erb (Duration: 4.2ms | Allocations: 1624)
Completed 200 OK in 7ms (Views: 5.4ms | ActiveRecord: 0.3ms | Allocations: 2774)


Started GET "/cats/1/update" for 127.0.0.1 at 2023-02-19 15:11:31 -0500
  
ActionController::RoutingError (No route matches [GET] "/cats/1/update"):
  
Started GET "/cats/1/edit" for 127.0.0.1 at 2023-02-19 15:11:38 -0500
Processing by CatsController#edit as HTML
  Parameters: {"id"=>"1"}
  [1m[36mCat Load (0.4ms)[0m  [1m[34mSELECT "cats".* FROM "cats" WHERE "cats"."id" = $1 LIMIT $2[0m  [["id", 1], ["LIMIT", 1]]
  ↳ app/controllers/cats_controller.rb:23:in `edit'
  Rendering layout layouts/application.html.erb
  Rendering cats/edit.html.erb within layouts/application
  Rendered cats/_form.html.erb (Duration: 0.3ms | Allocations: 81)
  Rendered cats/edit.html.erb within layouts/application (Duration: 0.5ms | Allocations: 147)
  Rendered layout layouts/application.html.erb (Duration: 2.8ms | Allocations: 1357)
Completed 200 OK in 5ms (Views: 3.3ms | ActiveRecord: 0.4ms | Allocations: 2170)


Started PATCH "/cats/1" for 127.0.0.1 at 2023-02-19 15:11:41 -0500
Processing by CatsController#update as HTML
  Parameters: {"cat"=>{"name"=>"scruffy"}, "id"=>"1"}
  [1m[36mCat Load (0.2ms)[0m  [1m[34mSELECT "cats".* FROM "cats" WHERE "cats"."id" = $1 LIMIT $2[0m  [["id", 1], ["LIMIT", 1]]
  ↳ app/controllers/cats_controller.rb:36:in `update'
  [1m[36mTRANSACTION (0.1ms)[0m  [1m[35mBEGIN[0m
  ↳ app/controllers/cats_controller.rb:37:in `update'
  [1m[36mCat Update (0.4ms)[0m  [1m[33mUPDATE "cats" SET "name" = $1, "updated_at" = $2 WHERE "cats"."id" = $3[0m  [["name", "scruffy"], ["updated_at", "2023-02-19 20:11:41.627526"], ["id", 1]]
  ↳ app/controllers/cats_controller.rb:37:in `update'
  [1m[36mTRANSACTION (0.4ms)[0m  [1m[35mCOMMIT[0m
  ↳ app/controllers/cats_controller.rb:37:in `update'
Redirected to http://localhost:3000/cats/1
Completed 302 Found in 6ms (ActiveRecord: 1.1ms | Allocations: 2574)


Started GET "/cats/1" for 127.0.0.1 at 2023-02-19 15:11:41 -0500
Processing by CatsController#show as HTML
  Parameters: {"id"=>"1"}
  [1m[36mCat Load (0.2ms)[0m  [1m[34mSELECT "cats".* FROM "cats" WHERE "cats"."id" = $1 LIMIT $2[0m  [["id", 1], ["LIMIT", 1]]
  ↳ app/controllers/cats_controller.rb:29:in `show'
  Rendering layout layouts/application.html.erb
  Rendering cats/show.html.erb within layouts/application
  Rendered cats/show.html.erb within layouts/application (Duration: 0.1ms | Allocations: 18)
  Rendered layout layouts/application.html.erb (Duration: 1.8ms | Allocations: 1113)
Completed 200 OK in 4ms (Views: 2.2ms | ActiveRecord: 0.2ms | Allocations: 1889)


Started GET "/cats/1" for 127.0.0.1 at 2023-02-19 15:13:03 -0500
Processing by CatsController#show as HTML
  Parameters: {"id"=>"1"}
  [1m[36mCat Load (0.3ms)[0m  [1m[34mSELECT "cats".* FROM "cats" WHERE "cats"."id" = $1 LIMIT $2[0m  [["id", 1], ["LIMIT", 1]]
  ↳ app/controllers/cats_controller.rb:29:in `show'
  Rendering layout layouts/application.html.erb
  Rendering cats/show.html.erb within layouts/application
  Rendered cats/show.html.erb within layouts/application (Duration: 0.8ms | Allocations: 225)
  Rendered layout layouts/application.html.erb (Duration: 4.3ms | Allocations: 1730)
Completed 200 OK in 8ms (Views: 6.0ms | ActiveRecord: 0.3ms | Allocations: 2960)


Started GET "/cats/1/edit" for 127.0.0.1 at 2023-02-19 15:13:07 -0500
Processing by CatsController#edit as HTML
  Parameters: {"id"=>"1"}
  [1m[36mCat Load (0.3ms)[0m  [1m[34mSELECT "cats".* FROM "cats" WHERE "cats"."id" = $1 LIMIT $2[0m  [["id", 1], ["LIMIT", 1]]
  ↳ app/controllers/cats_controller.rb:23:in `edit'
  Rendering layout layouts/application.html.erb
  Rendering cats/edit.html.erb within layouts/application
  Rendered cats/_form.html.erb (Duration: 0.9ms | Allocations: 354)
  Rendered cats/edit.html.erb within layouts/application (Duration: 2.8ms | Allocations: 563)
  Rendered layout layouts/application.html.erb (Duration: 11.8ms | Allocations: 1682)
Completed 200 OK in 15ms (Views: 12.7ms | ActiveRecord: 0.3ms | Allocations: 2510)


Started GET "/cats/1/edit" for 127.0.0.1 at 2023-02-19 15:13:09 -0500
Processing by CatsController#edit as HTML
  Parameters: {"id"=>"1"}
  [1m[36mCat Load (0.2ms)[0m  [1m[34mSELECT "cats".* FROM "cats" WHERE "cats"."id" = $1 LIMIT $2[0m  [["id", 1], ["LIMIT", 1]]
  ↳ app/controllers/cats_controller.rb:23:in `edit'
  Rendering layout layouts/application.html.erb
  Rendering cats/edit.html.erb within layouts/application
  Rendered cats/_form.html.erb (Duration: 0.2ms | Allocations: 64)
  Rendered cats/edit.html.erb within layouts/application (Duration: 0.4ms | Allocations: 124)
  Rendered layout layouts/application.html.erb (Duration: 2.3ms | Allocations: 1244)
Completed 200 OK in 5ms (Views: 3.1ms | ActiveRecord: 0.2ms | Allocations: 1935)


Started GET "/cats/1/edit" for 127.0.0.1 at 2023-02-19 15:13:25 -0500
Processing by CatsController#edit as HTML
  Parameters: {"id"=>"1"}
  [1m[36mCat Load (0.2ms)[0m  [1m[34mSELECT "cats".* FROM "cats" WHERE "cats"."id" = $1 LIMIT $2[0m  [["id", 1], ["LIMIT", 1]]
  ↳ app/controllers/cats_controller.rb:23:in `edit'
  Rendering layout layouts/application.html.erb
  Rendering cats/edit.html.erb within layouts/application
  Rendered cats/_form.html.erb (Duration: 0.8ms | Allocations: 363)
  Rendered cats/edit.html.erb within layouts/application (Duration: 1.5ms | Allocations: 607)
  Rendered layout layouts/application.html.erb (Duration: 3.8ms | Allocations: 2114)
Completed 200 OK in 7ms (Views: 5.7ms | ActiveRecord: 0.2ms | Allocations: 3290)


Started GET "/cats/1/edit" for 127.0.0.1 at 2023-02-19 15:13:47 -0500
Processing by CatsController#edit as HTML
  Parameters: {"id"=>"1"}
  [1m[36mCat Load (0.2ms)[0m  [1m[34mSELECT "cats".* FROM "cats" WHERE "cats"."id" = $1 LIMIT $2[0m  [["id", 1], ["LIMIT", 1]]
  ↳ app/controllers/cats_controller.rb:23:in `edit'
  Rendering layout layouts/application.html.erb
  Rendering cats/edit.html.erb within layouts/application
  Rendered cats/_form.html.erb (Duration: 0.7ms | Allocations: 363)
  Rendered cats/edit.html.erb within layouts/application (Duration: 1.4ms | Allocations: 604)
  Rendered layout layouts/application.html.erb (Duration: 4.3ms | Allocations: 2120)
Completed 200 OK in 8ms (Views: 6.2ms | ActiveRecord: 0.2ms | Allocations: 3379)


Started GET "/cats/1/edit" for 127.0.0.1 at 2023-02-19 15:13:48 -0500
Processing by CatsController#edit as HTML
  Parameters: {"id"=>"1"}
  [1m[36mCat Load (0.2ms)[0m  [1m[34mSELECT "cats".* FROM "cats" WHERE "cats"."id" = $1 LIMIT $2[0m  [["id", 1], ["LIMIT", 1]]
  ↳ app/controllers/cats_controller.rb:23:in `edit'
  Rendering layout layouts/application.html.erb
  Rendering cats/edit.html.erb within layouts/application
  Rendered cats/_form.html.erb (Duration: 0.2ms | Allocations: 64)
  Rendered cats/edit.html.erb within layouts/application (Duration: 0.4ms | Allocations: 124)
  Rendered layout layouts/application.html.erb (Duration: 2.3ms | Allocations: 1243)
Completed 200 OK in 5ms (Views: 2.8ms | ActiveRecord: 0.2ms | Allocations: 2017)


Started GET "/cats/1/edit" for 127.0.0.1 at 2023-02-19 15:13:48 -0500
Processing by CatsController#edit as HTML
  Parameters: {"id"=>"1"}
  [1m[36mCat Load (0.4ms)[0m  [1m[34mSELECT "cats".* FROM "cats" WHERE "cats"."id" = $1 LIMIT $2[0m  [["id", 1], ["LIMIT", 1]]
  ↳ app/controllers/cats_controller.rb:23:in `edit'
  Rendering layout layouts/application.html.erb
  Rendering cats/edit.html.erb within layouts/application
  Rendered cats/_form.html.erb (Duration: 0.2ms | Allocations: 64)
  Rendered cats/edit.html.erb within layouts/application (Duration: 0.4ms | Allocations: 124)
  Rendered layout layouts/application.html.erb (Duration: 2.8ms | Allocations: 1237)
Completed 200 OK in 6ms (Views: 3.4ms | ActiveRecord: 0.4ms | Allocations: 1928)


Started GET "/cats/1/edit" for 127.0.0.1 at 2023-02-19 15:14:38 -0500
Processing by CatsController#edit as HTML
  Parameters: {"id"=>"1"}
  [1m[36mCat Load (0.2ms)[0m  [1m[34mSELECT "cats".* FROM "cats" WHERE "cats"."id" = $1 LIMIT $2[0m  [["id", 1], ["LIMIT", 1]]
  ↳ app/controllers/cats_controller.rb:23:in `edit'
  Rendering layout layouts/application.html.erb
  Rendering cats/edit.html.erb within layouts/application
  Rendered cats/_form.html.erb (Duration: 0.7ms | Allocations: 370)
  Rendered cats/edit.html.erb within layouts/application (Duration: 1.7ms | Allocations: 612)
  Rendered layout layouts/application.html.erb (Duration: 4.6ms | Allocations: 2126)
Completed 200 OK in 8ms (Views: 6.3ms | ActiveRecord: 0.2ms | Allocations: 3302)


Started GET "/cats/1/edit" for 127.0.0.1 at 2023-02-19 15:15:18 -0500
Processing by CatsController#edit as HTML
  Parameters: {"id"=>"1"}
  [1m[36mCat Load (0.2ms)[0m  [1m[34mSELECT "cats".* FROM "cats" WHERE "cats"."id" = $1 LIMIT $2[0m  [["id", 1], ["LIMIT", 1]]
  ↳ app/controllers/cats_controller.rb:23:in `edit'
  Rendering layout layouts/application.html.erb
  Rendering cats/edit.html.erb within layouts/application
  Rendered cats/_form.html.erb (Duration: 0.9ms | Allocations: 381)
  Rendered cats/edit.html.erb within layouts/application (Duration: 2.1ms | Allocations: 622)
  Rendered layout layouts/application.html.erb (Duration: 5.0ms | Allocations: 2111)
Completed 200 OK in 8ms (Views: 6.7ms | ActiveRecord: 0.2ms | Allocations: 3370)


Started GET "/cats/1/edit" for 127.0.0.1 at 2023-02-19 15:15:20 -0500
Processing by CatsController#edit as HTML
  Parameters: {"id"=>"1"}
  [1m[36mCat Load (0.2ms)[0m  [1m[34mSELECT "cats".* FROM "cats" WHERE "cats"."id" = $1 LIMIT $2[0m  [["id", 1], ["LIMIT", 1]]
  ↳ app/controllers/cats_controller.rb:23:in `edit'
  Rendering layout layouts/application.html.erb
  Rendering cats/edit.html.erb within layouts/application
  Rendered cats/_form.html.erb (Duration: 0.2ms | Allocations: 64)
  Rendered cats/edit.html.erb within layouts/application (Duration: 0.4ms | Allocations: 124)
  Rendered layout layouts/application.html.erb (Duration: 2.5ms | Allocations: 1225)
Completed 200 OK in 4ms (Views: 3.0ms | ActiveRecord: 0.2ms | Allocations: 2000)


Started PATCH "/cats/1" for 127.0.0.1 at 2023-02-19 15:15:42 -0500
Processing by CatsController#update as HTML
  Parameters: {"cat"=>{"name"=>"scruffy", "birth_date"=>"2023-02-18", "color"=>"orange", "sex"=>"M", "description"=>"An outdoor cat"}, "id"=>"1"}
  [1m[36mCat Load (0.2ms)[0m  [1m[34mSELECT "cats".* FROM "cats" WHERE "cats"."id" = $1 LIMIT $2[0m  [["id", 1], ["LIMIT", 1]]
  ↳ app/controllers/cats_controller.rb:36:in `update'
  [1m[36mTRANSACTION (0.2ms)[0m  [1m[35mBEGIN[0m
  ↳ app/controllers/cats_controller.rb:37:in `update'
  [1m[36mCat Update (0.4ms)[0m  [1m[33mUPDATE "cats" SET "description" = $1, "updated_at" = $2 WHERE "cats"."id" = $3[0m  [["description", "An outdoor cat"], ["updated_at", "2023-02-19 20:15:42.243115"], ["id", 1]]
  ↳ app/controllers/cats_controller.rb:37:in `update'
  [1m[36mTRANSACTION (0.4ms)[0m  [1m[35mCOMMIT[0m
  ↳ app/controllers/cats_controller.rb:37:in `update'
Redirected to http://localhost:3000/cats/1
Completed 302 Found in 7ms (ActiveRecord: 1.1ms | Allocations: 2637)


Started GET "/cats/1" for 127.0.0.1 at 2023-02-19 15:15:42 -0500
Processing by CatsController#show as HTML
  Parameters: {"id"=>"1"}
  [1m[36mCat Load (0.2ms)[0m  [1m[34mSELECT "cats".* FROM "cats" WHERE "cats"."id" = $1 LIMIT $2[0m  [["id", 1], ["LIMIT", 1]]
  ↳ app/controllers/cats_controller.rb:29:in `show'
  Rendering layout layouts/application.html.erb
  Rendering cats/show.html.erb within layouts/application
  Rendered cats/show.html.erb within layouts/application (Duration: 0.8ms | Allocations: 193)
  Rendered layout layouts/application.html.erb (Duration: 2.8ms | Allocations: 1312)
Completed 200 OK in 5ms (Views: 3.5ms | ActiveRecord: 0.2ms | Allocations: 2143)


Started GET "/cats/1/edit" for 127.0.0.1 at 2023-02-19 15:15:48 -0500
Processing by CatsController#edit as HTML
  Parameters: {"id"=>"1"}
  [1m[36mCat Load (0.2ms)[0m  [1m[34mSELECT "cats".* FROM "cats" WHERE "cats"."id" = $1 LIMIT $2[0m  [["id", 1], ["LIMIT", 1]]
  ↳ app/controllers/cats_controller.rb:23:in `edit'
  Rendering layout layouts/application.html.erb
  Rendering cats/edit.html.erb within layouts/application
  Rendered cats/_form.html.erb (Duration: 0.2ms | Allocations: 66)
  Rendered cats/edit.html.erb within layouts/application (Duration: 0.5ms | Allocations: 126)
  Rendered layout layouts/application.html.erb (Duration: 3.0ms | Allocations: 1239)
Completed 200 OK in 5ms (Views: 3.7ms | ActiveRecord: 0.2ms | Allocations: 1931)


Started PATCH "/cats/1" for 127.0.0.1 at 2023-02-19 15:16:17 -0500
Processing by CatsController#update as HTML
  Parameters: {"cat"=>{"name"=>"scruffy", "birth_date"=>"2023-02-18", "color"=>"orange", "sex"=>"M", "description"=>""}, "id"=>"1"}
  [1m[36mCat Load (0.2ms)[0m  [1m[34mSELECT "cats".* FROM "cats" WHERE "cats"."id" = $1 LIMIT $2[0m  [["id", 1], ["LIMIT", 1]]
  ↳ app/controllers/cats_controller.rb:36:in `update'
  [1m[36mTRANSACTION (0.2ms)[0m  [1m[35mBEGIN[0m
  ↳ app/controllers/cats_controller.rb:37:in `update'
  [1m[36mCat Update (0.4ms)[0m  [1m[33mUPDATE "cats" SET "description" = $1, "updated_at" = $2 WHERE "cats"."id" = $3[0m  [["description", ""], ["updated_at", "2023-02-19 20:16:17.544276"], ["id", 1]]
  ↳ app/controllers/cats_controller.rb:37:in `update'
  [1m[36mTRANSACTION (0.4ms)[0m  [1m[35mCOMMIT[0m
  ↳ app/controllers/cats_controller.rb:37:in `update'
Redirected to http://localhost:3000/cats/1
Completed 302 Found in 7ms (ActiveRecord: 1.1ms | Allocations: 2496)


Started GET "/cats/1" for 127.0.0.1 at 2023-02-19 15:16:17 -0500
Processing by CatsController#show as HTML
  Parameters: {"id"=>"1"}
  [1m[36mCat Load (0.2ms)[0m  [1m[34mSELECT "cats".* FROM "cats" WHERE "cats"."id" = $1 LIMIT $2[0m  [["id", 1], ["LIMIT", 1]]
  ↳ app/controllers/cats_controller.rb:29:in `show'
  Rendering layout layouts/application.html.erb
  Rendering cats/show.html.erb within layouts/application
  Rendered cats/show.html.erb within layouts/application (Duration: 0.1ms | Allocations: 18)
  Rendered layout layouts/application.html.erb (Duration: 1.9ms | Allocations: 1143)
Completed 200 OK in 4ms (Views: 2.5ms | ActiveRecord: 0.2ms | Allocations: 1889)


Started GET "/cats/1/edit" for 127.0.0.1 at 2023-02-19 15:16:27 -0500
Processing by CatsController#edit as HTML
  Parameters: {"id"=>"1"}
  [1m[36mCat Load (0.2ms)[0m  [1m[34mSELECT "cats".* FROM "cats" WHERE "cats"."id" = $1 LIMIT $2[0m  [["id", 1], ["LIMIT", 1]]
  ↳ app/controllers/cats_controller.rb:23:in `edit'
  Rendering layout layouts/application.html.erb
  Rendering cats/edit.html.erb within layouts/application
  Rendered cats/_form.html.erb (Duration: 0.2ms | Allocations: 66)
  Rendered cats/edit.html.erb within layouts/application (Duration: 0.3ms | Allocations: 126)
  Rendered layout layouts/application.html.erb (Duration: 2.6ms | Allocations: 1234)
Completed 200 OK in 5ms (Views: 3.0ms | ActiveRecord: 0.2ms | Allocations: 1926)


Started PATCH "/cats/1" for 127.0.0.1 at 2023-02-19 15:16:38 -0500
Processing by CatsController#update as HTML
  Parameters: {"cat"=>{"name"=>"scruffy", "birth_date"=>"2023-02-18", "color"=>"white", "sex"=>"M", "description"=>""}, "id"=>"1"}
  [1m[36mCat Load (0.2ms)[0m  [1m[34mSELECT "cats".* FROM "cats" WHERE "cats"."id" = $1 LIMIT $2[0m  [["id", 1], ["LIMIT", 1]]
  ↳ app/controllers/cats_controller.rb:36:in `update'
  [1m[36mTRANSACTION (0.1ms)[0m  [1m[35mBEGIN[0m
  ↳ app/controllers/cats_controller.rb:37:in `update'
  [1m[36mCat Update (0.3ms)[0m  [1m[33mUPDATE "cats" SET "color" = $1, "updated_at" = $2 WHERE "cats"."id" = $3[0m  [["color", "white"], ["updated_at", "2023-02-19 20:16:38.390424"], ["id", 1]]
  ↳ app/controllers/cats_controller.rb:37:in `update'
  [1m[36mTRANSACTION (0.4ms)[0m  [1m[35mCOMMIT[0m
  ↳ app/controllers/cats_controller.rb:37:in `update'
Redirected to http://localhost:3000/cats/1
Completed 302 Found in 6ms (ActiveRecord: 1.0ms | Allocations: 2498)


Started GET "/cats/1" for 127.0.0.1 at 2023-02-19 15:16:38 -0500
Processing by CatsController#show as HTML
  Parameters: {"id"=>"1"}
  [1m[36mCat Load (0.3ms)[0m  [1m[34mSELECT "cats".* FROM "cats" WHERE "cats"."id" = $1 LIMIT $2[0m  [["id", 1], ["LIMIT", 1]]
  ↳ app/controllers/cats_controller.rb:29:in `show'
  Rendering layout layouts/application.html.erb
  Rendering cats/show.html.erb within layouts/application
  Rendered cats/show.html.erb within layouts/application (Duration: 0.1ms | Allocations: 18)
  Rendered layout layouts/application.html.erb (Duration: 2.2ms | Allocations: 1122)
Completed 200 OK in 4ms (Views: 2.6ms | ActiveRecord: 0.3ms | Allocations: 1868)


Started GET "/cats/1" for 127.0.0.1 at 2023-02-19 15:25:41 -0500
Processing by CatsController#show as HTML
  Parameters: {"id"=>"1"}
  [1m[36mCat Load (0.4ms)[0m  [1m[34mSELECT "cats".* FROM "cats" WHERE "cats"."id" = $1 LIMIT $2[0m  [["id", 1], ["LIMIT", 1]]
  ↳ app/controllers/cats_controller.rb:29:in `show'
  Rendering layout layouts/application.html.erb
  Rendering cats/show.html.erb within layouts/application
  Rendered cats/show.html.erb within layouts/application (Duration: 1.1ms | Allocations: 225)
  Rendered layout layouts/application.html.erb (Duration: 4.6ms | Allocations: 1745)
Completed 200 OK in 32ms (Views: 6.1ms | ActiveRecord: 10.2ms | Allocations: 6021)


Started GET "/cats/1/edit" for 127.0.0.1 at 2023-02-19 15:25:50 -0500
Processing by CatsController#edit as HTML
  Parameters: {"id"=>"1"}
  [1m[36mCat Load (0.4ms)[0m  [1m[34mSELECT "cats".* FROM "cats" WHERE "cats"."id" = $1 LIMIT $2[0m  [["id", 1], ["LIMIT", 1]]
  ↳ app/controllers/cats_controller.rb:23:in `edit'
  Rendering layout layouts/application.html.erb
  Rendering cats/edit.html.erb within layouts/application
  Rendered cats/_form.html.erb (Duration: 1.3ms | Allocations: 2003)
  Rendered cats/edit.html.erb within layouts/application (Duration: 3.3ms | Allocations: 2214)
  Rendered layout layouts/application.html.erb (Duration: 3.5ms | Allocations: 2294)
Completed 500 Internal Server Error in 6ms (ActiveRecord: 0.4ms | Allocations: 3120)



ActionView::SyntaxErrorInTemplate - Encountered a syntax error while rendering template: check <% action_url = (action == :create) ? cats_url : cat_url(cat.id) %>
<% button_text = (action == :create) ? "Create Cat" : "Update Cat" %>
<% header_text = (action == :create) ? "Create a new Cat!" : "Update a Cat!" %>
<header>
<h1><%=header_text%></h1>
</header>
<form action="<%=action_url%>" method="POST">
<%if action == :update %>
    <input type="hidden" name="_method" value="PATCH"> 
<%end%>
<label for="name">Cat's Name:</label>
<input id="name" type="text" name="cat[name]" value="<%= cat.name %>">
<br>
<label for="birthdate">Cat's Birth Date:</label>
<input id="birthdate" type="text" name="cat[birth_date]" value="<%= cat.birth_date %>">
<br>
<label for="color">Cat's Color:</label>
<input id="color" type="text" name="cat[color]" value="<%= cat.color %>">
<br>
<label for="sex">Cat's Sex:</label>
<input id="sex" type="text" name="cat[sex]" value="<%= cat.sex %>">
<select id="sex" name="cat[sex]">
    <option disabled selected >choose a color</option>
    <%["M", "F"].each do |sex|%>
        <option <%=selected if <%= cat.sex %> == sex %> value="<%=sex%>"><%=sex%></option>
    <%end%>
</select>
<br>
<label for="description">A description of the cat:</label>
<textarea id="description" name="cat[description]" value="<%= cat.description %>"></textarea>
<br>
<input type="submit" value="<%= button_text %>">
</form>:
  app/views/cats/edit.html.erb:1
  app/controllers/cats_controller.rb:24:in `edit'

Started POST "/__better_errors/032043dcb36e00ac/variables" for 127.0.0.1 at 2023-02-19 15:25:50 -0500
Started GET "/cats/1/edit" for 127.0.0.1 at 2023-02-19 15:26:16 -0500
Processing by CatsController#edit as HTML
  Parameters: {"id"=>"1"}
  [1m[36mCat Load (0.3ms)[0m  [1m[34mSELECT "cats".* FROM "cats" WHERE "cats"."id" = $1 LIMIT $2[0m  [["id", 1], ["LIMIT", 1]]
  ↳ app/controllers/cats_controller.rb:23:in `edit'
  Rendering layout layouts/application.html.erb
  Rendering cats/edit.html.erb within layouts/application
  Rendered cats/_form.html.erb (Duration: 0.7ms | Allocations: 469)
  Rendered cats/edit.html.erb within layouts/application (Duration: 1.5ms | Allocations: 710)
  Rendered layout layouts/application.html.erb (Duration: 4.1ms | Allocations: 2217)
Completed 200 OK in 8ms (Views: 6.4ms | ActiveRecord: 0.3ms | Allocations: 3493)


Started GET "/cats/1/edit" for 127.0.0.1 at 2023-02-19 15:26:43 -0500
Processing by CatsController#edit as HTML
  Parameters: {"id"=>"1"}
  [1m[36mCat Load (0.3ms)[0m  [1m[34mSELECT "cats".* FROM "cats" WHERE "cats"."id" = $1 LIMIT $2[0m  [["id", 1], ["LIMIT", 1]]
  ↳ app/controllers/cats_controller.rb:23:in `edit'
  Rendering layout layouts/application.html.erb
  Rendering cats/edit.html.erb within layouts/application
  Rendered cats/_form.html.erb (Duration: 0.7ms | Allocations: 445)
  Rendered cats/edit.html.erb within layouts/application (Duration: 1.6ms | Allocations: 686)
  Rendered layout layouts/application.html.erb (Duration: 7.6ms | Allocations: 2190)
Completed 200 OK in 11ms (Views: 9.5ms | ActiveRecord: 0.3ms | Allocations: 3451)


Started GET "/cats/1/edit" for 127.0.0.1 at 2023-02-19 16:09:39 -0500
Processing by CatsController#edit as HTML
  Parameters: {"id"=>"1"}
  [1m[36mCat Load (0.5ms)[0m  [1m[34mSELECT "cats".* FROM "cats" WHERE "cats"."id" = $1 LIMIT $2[0m  [["id", 1], ["LIMIT", 1]]
  ↳ app/controllers/cats_controller.rb:23:in `edit'
  Rendering layout layouts/application.html.erb
  Rendering cats/edit.html.erb within layouts/application
  Rendered cats/_form.html.erb (Duration: 11.1ms | Allocations: 6631)
  Rendered cats/edit.html.erb within layouts/application (Duration: 12.7ms | Allocations: 6880)
  Rendered layout layouts/application.html.erb (Duration: 12.9ms | Allocations: 6965)
Completed 500 Internal Server Error in 43ms (ActiveRecord: 12.5ms | Allocations: 11221)



NoMethodError - undefined method `CAT_COLORS' for #<Cat id: 1, birth_date: "2023-02-18", color: "white", name: "scruffy", sex: "M", description: "", created_at: "2023-02-17 22:41:17.078196000 +0000", updated_at: "2023-02-19 20:16:38.390424000 +0000">:
  app/views/cats/_form.html.erb:25
  app/views/cats/edit.html.erb:1
  app/controllers/cats_controller.rb:24:in `edit'

Started POST "/__better_errors/0b75395cf68e9077/variables" for 127.0.0.1 at 2023-02-19 16:09:39 -0500
Started GET "/cats/1/edit" for 127.0.0.1 at 2023-02-19 16:10:12 -0500
Processing by CatsController#edit as HTML
  Parameters: {"id"=>"1"}
  [1m[36mCat Load (0.2ms)[0m  [1m[34mSELECT "cats".* FROM "cats" WHERE "cats"."id" = $1 LIMIT $2[0m  [["id", 1], ["LIMIT", 1]]
  ↳ app/controllers/cats_controller.rb:23:in `edit'
  Rendering layout layouts/application.html.erb
  Rendering cats/edit.html.erb within layouts/application
  Rendered cats/_form.html.erb (Duration: 2.8ms | Allocations: 4633)
  Rendered cats/edit.html.erb within layouts/application (Duration: 3.8ms | Allocations: 4877)
  Rendered layout layouts/application.html.erb (Duration: 3.9ms | Allocations: 4962)
Completed 500 Internal Server Error in 7ms (ActiveRecord: 0.2ms | Allocations: 6220)



NameError - uninitialized constant #<Class:0x0000000112d3cd00>::CAT_COLORS:
  app/views/cats/_form.html.erb:25
  app/views/cats/edit.html.erb:1
  app/controllers/cats_controller.rb:24:in `edit'

Started POST "/__better_errors/071adb1d7dbbd160/variables" for 127.0.0.1 at 2023-02-19 16:10:12 -0500
Started GET "/cats/1/edit" for 127.0.0.1 at 2023-02-19 16:12:03 -0500
Processing by CatsController#edit as HTML
  Parameters: {"id"=>"1"}
  [1m[36mCat Load (0.2ms)[0m  [1m[34mSELECT "cats".* FROM "cats" WHERE "cats"."id" = $1 LIMIT $2[0m  [["id", 1], ["LIMIT", 1]]
  ↳ app/controllers/cats_controller.rb:24:in `edit'
Completed 500 Internal Server Error in 18ms (ActiveRecord: 7.4ms | Allocations: 7259)



NameError - uninitialized constant CatsController::CAT_COLORS
        @cat_colors = CAT_COLORS
                      ^^^^^^^^^^:
  app/controllers/cats_controller.rb:25:in `edit'

Started POST "/__better_errors/a46915dbfa1b0446/variables" for 127.0.0.1 at 2023-02-19 16:12:03 -0500
Started GET "/cats/1/edit" for 127.0.0.1 at 2023-02-19 16:12:34 -0500
Processing by CatsController#edit as HTML
  Parameters: {"id"=>"1"}
  [1m[36mCat Load (0.3ms)[0m  [1m[34mSELECT "cats".* FROM "cats" WHERE "cats"."id" = $1 LIMIT $2[0m  [["id", 1], ["LIMIT", 1]]
  ↳ app/controllers/cats_controller.rb:24:in `edit'
Completed 500 Internal Server Error in 16ms (ActiveRecord: 2.7ms | Allocations: 9650)



NoMethodError - undefined method `CAT_COLORS' for #<Cat id: 1, birth_date: "2023-02-18", color: "white", name: "scruffy", sex: "M", description: "", created_at: "2023-02-17 22:41:17.078196000 +0000", updated_at: "2023-02-19 20:16:38.390424000 +0000">:
  app/controllers/cats_controller.rb:25:in `edit'

Started POST "/__better_errors/b2271f1e8aecc52c/variables" for 127.0.0.1 at 2023-02-19 16:12:34 -0500
Started GET "/cats/1/edit" for 127.0.0.1 at 2023-02-19 16:13:31 -0500
Processing by CatsController#edit as HTML
  Parameters: {"id"=>"1"}
  [1m[36mCat Load (0.3ms)[0m  [1m[34mSELECT "cats".* FROM "cats" WHERE "cats"."id" = $1 LIMIT $2[0m  [["id", 1], ["LIMIT", 1]]
  ↳ app/controllers/cats_controller.rb:24:in `edit'
  Rendering layout layouts/application.html.erb
  Rendering cats/edit.html.erb within layouts/application
  Rendered cats/_form.html.erb (Duration: 0.8ms | Allocations: 546)
  Rendered cats/edit.html.erb within layouts/application (Duration: 1.4ms | Allocations: 793)
  Rendered layout layouts/application.html.erb (Duration: 4.4ms | Allocations: 2310)
Completed 200 OK in 15ms (Views: 6.0ms | ActiveRecord: 2.6ms | Allocations: 7693)


Started GET "/cats/1/edit" for 127.0.0.1 at 2023-02-19 16:13:55 -0500
Processing by CatsController#edit as HTML
  Parameters: {"id"=>"1"}
  [1m[36mCat Load (0.3ms)[0m  [1m[34mSELECT "cats".* FROM "cats" WHERE "cats"."id" = $1 LIMIT $2[0m  [["id", 1], ["LIMIT", 1]]
  ↳ app/controllers/cats_controller.rb:24:in `edit'
  Rendering layout layouts/application.html.erb
  Rendering cats/edit.html.erb within layouts/application
  Rendered cats/_form.html.erb (Duration: 0.8ms | Allocations: 508)
  Rendered cats/edit.html.erb within layouts/application (Duration: 1.5ms | Allocations: 750)
  Rendered layout layouts/application.html.erb (Duration: 3.9ms | Allocations: 2245)
Completed 200 OK in 8ms (Views: 5.8ms | ActiveRecord: 0.3ms | Allocations: 3507)


Started GET "/cats/1/edit" for 127.0.0.1 at 2023-02-19 16:16:22 -0500
Processing by CatsController#edit as HTML
  Parameters: {"id"=>"1"}
  [1m[36mCat Load (0.3ms)[0m  [1m[34mSELECT "cats".* FROM "cats" WHERE "cats"."id" = $1 LIMIT $2[0m  [["id", 1], ["LIMIT", 1]]
  ↳ app/controllers/cats_controller.rb:24:in `edit'
  Rendering layout layouts/application.html.erb
  Rendering cats/edit.html.erb within layouts/application
  Rendered cats/_form.html.erb (Duration: 0.2ms | Allocations: 81)
  Rendered cats/edit.html.erb within layouts/application (Duration: 0.4ms | Allocations: 141)
  Rendered layout layouts/application.html.erb (Duration: 2.4ms | Allocations: 1239)
Completed 200 OK in 5ms (Views: 3.3ms | ActiveRecord: 0.3ms | Allocations: 2017)


Started PATCH "/cats/1" for 127.0.0.1 at 2023-02-19 16:16:50 -0500
Processing by CatsController#update as HTML
  Parameters: {"cat"=>{"name"=>"scruffy", "birth_date"=>"2023-02-18", "color"=>"white", "sex"=>"M", "description"=>"he's a good guy"}, "id"=>"1"}
  [1m[36mCat Load (0.2ms)[0m  [1m[34mSELECT "cats".* FROM "cats" WHERE "cats"."id" = $1 LIMIT $2[0m  [["id", 1], ["LIMIT", 1]]
  ↳ app/controllers/cats_controller.rb:38:in `update'
  [1m[36mTRANSACTION (0.1ms)[0m  [1m[35mBEGIN[0m
  ↳ app/controllers/cats_controller.rb:39:in `update'
  [1m[36mCat Update (1.1ms)[0m  [1m[33mUPDATE "cats" SET "description" = $1, "updated_at" = $2 WHERE "cats"."id" = $3[0m  [["description", "he's a good guy"], ["updated_at", "2023-02-19 21:16:50.647640"], ["id", 1]]
  ↳ app/controllers/cats_controller.rb:39:in `update'
  [1m[36mTRANSACTION (0.5ms)[0m  [1m[35mCOMMIT[0m
  ↳ app/controllers/cats_controller.rb:39:in `update'
Redirected to http://localhost:3000/cats/1
Completed 302 Found in 8ms (ActiveRecord: 1.9ms | Allocations: 2807)


Started GET "/cats/1" for 127.0.0.1 at 2023-02-19 16:16:50 -0500
Processing by CatsController#show as HTML
  Parameters: {"id"=>"1"}
  [1m[36mCat Load (0.2ms)[0m  [1m[34mSELECT "cats".* FROM "cats" WHERE "cats"."id" = $1 LIMIT $2[0m  [["id", 1], ["LIMIT", 1]]
  ↳ app/controllers/cats_controller.rb:31:in `show'
  Rendering layout layouts/application.html.erb
  Rendering cats/show.html.erb within layouts/application
  Rendered cats/show.html.erb within layouts/application (Duration: 0.7ms | Allocations: 194)
  Rendered layout layouts/application.html.erb (Duration: 2.6ms | Allocations: 1313)
Completed 200 OK in 5ms (Views: 3.2ms | ActiveRecord: 0.2ms | Allocations: 2151)


Started GET "/cats/1/edit" for 127.0.0.1 at 2023-02-19 16:16:58 -0500
Processing by CatsController#edit as HTML
  Parameters: {"id"=>"1"}
  [1m[36mCat Load (0.2ms)[0m  [1m[34mSELECT "cats".* FROM "cats" WHERE "cats"."id" = $1 LIMIT $2[0m  [["id", 1], ["LIMIT", 1]]
  ↳ app/controllers/cats_controller.rb:24:in `edit'
  Rendering layout layouts/application.html.erb
  Rendering cats/edit.html.erb within layouts/application
  Rendered cats/_form.html.erb (Duration: 0.3ms | Allocations: 81)
  Rendered cats/edit.html.erb within layouts/application (Duration: 0.5ms | Allocations: 141)
  Rendered layout layouts/application.html.erb (Duration: 2.9ms | Allocations: 1245)
Completed 200 OK in 5ms (Views: 3.4ms | ActiveRecord: 0.2ms | Allocations: 1938)


Started PATCH "/cats/1" for 127.0.0.1 at 2023-02-19 16:17:10 -0500
Processing by CatsController#update as HTML
  Parameters: {"cat"=>{"name"=>"scruffyo", "birth_date"=>"2023-02-18", "description"=>"ubhji"}, "id"=>"1"}
  [1m[36mCat Load (0.2ms)[0m  [1m[34mSELECT "cats".* FROM "cats" WHERE "cats"."id" = $1 LIMIT $2[0m  [["id", 1], ["LIMIT", 1]]
  ↳ app/controllers/cats_controller.rb:38:in `update'
  [1m[36mTRANSACTION (0.2ms)[0m  [1m[35mBEGIN[0m
  ↳ app/controllers/cats_controller.rb:39:in `update'
  [1m[36mCat Update (0.3ms)[0m  [1m[33mUPDATE "cats" SET "name" = $1, "description" = $2, "updated_at" = $3 WHERE "cats"."id" = $4[0m  [["name", "scruffyo"], ["description", "ubhji"], ["updated_at", "2023-02-19 21:17:10.929824"], ["id", 1]]
  ↳ app/controllers/cats_controller.rb:39:in `update'
  [1m[36mTRANSACTION (0.3ms)[0m  [1m[35mCOMMIT[0m
  ↳ app/controllers/cats_controller.rb:39:in `update'
Redirected to http://localhost:3000/cats/1
Completed 302 Found in 6ms (ActiveRecord: 1.0ms | Allocations: 2491)


Started GET "/cats/1" for 127.0.0.1 at 2023-02-19 16:17:10 -0500
Processing by CatsController#show as HTML
  Parameters: {"id"=>"1"}
  [1m[36mCat Load (0.2ms)[0m  [1m[34mSELECT "cats".* FROM "cats" WHERE "cats"."id" = $1 LIMIT $2[0m  [["id", 1], ["LIMIT", 1]]
  ↳ app/controllers/cats_controller.rb:31:in `show'
  Rendering layout layouts/application.html.erb
  Rendering cats/show.html.erb within layouts/application
  Rendered cats/show.html.erb within layouts/application (Duration: 0.1ms | Allocations: 18)
  Rendered layout layouts/application.html.erb (Duration: 2.1ms | Allocations: 1122)
Completed 200 OK in 5ms (Views: 2.7ms | ActiveRecord: 0.2ms | Allocations: 1867)


Started GET "/cats/1" for 127.0.0.1 at 2023-02-19 16:17:13 -0500
Processing by CatsController#show as HTML
  Parameters: {"id"=>"1"}
  [1m[36mCat Load (0.3ms)[0m  [1m[34mSELECT "cats".* FROM "cats" WHERE "cats"."id" = $1 LIMIT $2[0m  [["id", 1], ["LIMIT", 1]]
  ↳ app/controllers/cats_controller.rb:31:in `show'
  Rendering layout layouts/application.html.erb
  Rendering cats/show.html.erb within layouts/application
  Rendered cats/show.html.erb within layouts/application (Duration: 0.1ms | Allocations: 18)
  Rendered layout layouts/application.html.erb (Duration: 2.5ms | Allocations: 1149)
Completed 200 OK in 5ms (Views: 3.0ms | ActiveRecord: 0.3ms | Allocations: 1894)


Started GET "/cats/" for 127.0.0.1 at 2023-02-19 16:17:18 -0500
Processing by CatsController#index as HTML
  Rendering layout layouts/application.html.erb
  Rendering cats/index.html.erb within layouts/application
  [1m[36mCat Load (0.2ms)[0m  [1m[34mSELECT "cats".* FROM "cats"[0m
  ↳ app/views/cats/index.html.erb:3
  Rendered collection of cats/_cat.html.erb [4 times] (Duration: 0.9ms | Allocations: 139)
  Rendered cats/index.html.erb within layouts/application (Duration: 9.0ms | Allocations: 1084)
  Rendered layout layouts/application.html.erb (Duration: 10.7ms | Allocations: 2217)
Completed 200 OK in 12ms (Views: 11.3ms | ActiveRecord: 0.2ms | Allocations: 2474)


Started GET "/cats/1/" for 127.0.0.1 at 2023-02-19 16:17:26 -0500
Processing by CatsController#show as HTML
  Parameters: {"id"=>"1"}
  [1m[36mCat Load (0.2ms)[0m  [1m[34mSELECT "cats".* FROM "cats" WHERE "cats"."id" = $1 LIMIT $2[0m  [["id", 1], ["LIMIT", 1]]
  ↳ app/controllers/cats_controller.rb:31:in `show'
  Rendering layout layouts/application.html.erb
  Rendering cats/show.html.erb within layouts/application
  Rendered cats/show.html.erb within layouts/application (Duration: 0.1ms | Allocations: 18)
  Rendered layout layouts/application.html.erb (Duration: 2.4ms | Allocations: 1122)
Completed 200 OK in 4ms (Views: 2.8ms | ActiveRecord: 0.2ms | Allocations: 1868)


Started GET "/cats/1/edit" for 127.0.0.1 at 2023-02-19 16:17:33 -0500
Processing by CatsController#edit as HTML
  Parameters: {"id"=>"1"}
  [1m[36mCat Load (0.2ms)[0m  [1m[34mSELECT "cats".* FROM "cats" WHERE "cats"."id" = $1 LIMIT $2[0m  [["id", 1], ["LIMIT", 1]]
  ↳ app/controllers/cats_controller.rb:24:in `edit'
  Rendering layout layouts/application.html.erb
  Rendering cats/edit.html.erb within layouts/application
  Rendered cats/_form.html.erb (Duration: 0.2ms | Allocations: 81)
  Rendered cats/edit.html.erb within layouts/application (Duration: 0.4ms | Allocations: 141)
  Rendered layout layouts/application.html.erb (Duration: 2.3ms | Allocations: 1260)
Completed 200 OK in 4ms (Views: 3.2ms | ActiveRecord: 0.2ms | Allocations: 1954)


Started PATCH "/cats/1" for 127.0.0.1 at 2023-02-19 16:18:13 -0500
Processing by CatsController#update as HTML
  Parameters: {"cat"=>{"name"=>"scruffyo", "birth_date"=>"2023-02-18", "description"=>"fctvgbhj"}, "id"=>"1"}
  [1m[36mCat Load (0.2ms)[0m  [1m[34mSELECT "cats".* FROM "cats" WHERE "cats"."id" = $1 LIMIT $2[0m  [["id", 1], ["LIMIT", 1]]
  ↳ app/controllers/cats_controller.rb:38:in `update'
  [1m[36mTRANSACTION (0.1ms)[0m  [1m[35mBEGIN[0m
  ↳ app/controllers/cats_controller.rb:39:in `update'
  [1m[36mCat Update (0.3ms)[0m  [1m[33mUPDATE "cats" SET "description" = $1, "updated_at" = $2 WHERE "cats"."id" = $3[0m  [["description", "fctvgbhj"], ["updated_at", "2023-02-19 21:18:13.057452"], ["id", 1]]
  ↳ app/controllers/cats_controller.rb:39:in `update'
  [1m[36mTRANSACTION (0.3ms)[0m  [1m[35mCOMMIT[0m
  ↳ app/controllers/cats_controller.rb:39:in `update'
Redirected to http://localhost:3000/cats/1
Completed 302 Found in 6ms (ActiveRecord: 0.9ms | Allocations: 2482)


Started GET "/cats/1" for 127.0.0.1 at 2023-02-19 16:18:13 -0500
Processing by CatsController#show as HTML
  Parameters: {"id"=>"1"}
  [1m[36mCat Load (0.2ms)[0m  [1m[34mSELECT "cats".* FROM "cats" WHERE "cats"."id" = $1 LIMIT $2[0m  [["id", 1], ["LIMIT", 1]]
  ↳ app/controllers/cats_controller.rb:31:in `show'
  Rendering layout layouts/application.html.erb
  Rendering cats/show.html.erb within layouts/application
  Rendered cats/show.html.erb within layouts/application (Duration: 0.9ms | Allocations: 225)
  Rendered layout layouts/application.html.erb (Duration: 4.2ms | Allocations: 1730)
Completed 200 OK in 8ms (Views: 6.5ms | ActiveRecord: 0.2ms | Allocations: 2962)


Started GET "/cats/1/edit" for 127.0.0.1 at 2023-02-19 16:18:18 -0500
Processing by CatsController#edit as HTML
  Parameters: {"id"=>"1"}
  [1m[36mCat Load (0.2ms)[0m  [1m[34mSELECT "cats".* FROM "cats" WHERE "cats"."id" = $1 LIMIT $2[0m  [["id", 1], ["LIMIT", 1]]
  ↳ app/controllers/cats_controller.rb:24:in `edit'
  Rendering layout layouts/application.html.erb
  Rendering cats/edit.html.erb within layouts/application
  Rendered cats/_form.html.erb (Duration: 0.8ms | Allocations: 508)
  Rendered cats/edit.html.erb within layouts/application (Duration: 1.5ms | Allocations: 718)
  Rendered layout layouts/application.html.erb (Duration: 3.4ms | Allocations: 1837)
Completed 200 OK in 6ms (Views: 4.1ms | ActiveRecord: 0.2ms | Allocations: 2669)


Started PATCH "/cats/1" for 127.0.0.1 at 2023-02-19 16:18:52 -0500
Processing by CatsController#update as HTML
  Parameters: {"cat"=>{"name"=>"scruffyo", "birth_date"=>"2023-02-18", "description"=>"ghjghjk"}, "id"=>"1"}
  [1m[36mCat Load (0.2ms)[0m  [1m[34mSELECT "cats".* FROM "cats" WHERE "cats"."id" = $1 LIMIT $2[0m  [["id", 1], ["LIMIT", 1]]
  ↳ app/controllers/cats_controller.rb:38:in `update'
  [1m[36mTRANSACTION (0.2ms)[0m  [1m[35mBEGIN[0m
  ↳ app/controllers/cats_controller.rb:39:in `update'
  [1m[36mCat Update (0.4ms)[0m  [1m[33mUPDATE "cats" SET "description" = $1, "updated_at" = $2 WHERE "cats"."id" = $3[0m  [["description", "ghjghjk"], ["updated_at", "2023-02-19 21:18:52.263936"], ["id", 1]]
  ↳ app/controllers/cats_controller.rb:39:in `update'
  [1m[36mTRANSACTION (0.5ms)[0m  [1m[35mCOMMIT[0m
  ↳ app/controllers/cats_controller.rb:39:in `update'
Redirected to http://localhost:3000/cats/1
Completed 302 Found in 8ms (ActiveRecord: 1.2ms | Allocations: 2595)


Started GET "/cats/1" for 127.0.0.1 at 2023-02-19 16:18:52 -0500
Processing by CatsController#show as HTML
  Parameters: {"id"=>"1"}
  [1m[36mCat Load (0.2ms)[0m  [1m[34mSELECT "cats".* FROM "cats" WHERE "cats"."id" = $1 LIMIT $2[0m  [["id", 1], ["LIMIT", 1]]
  ↳ app/controllers/cats_controller.rb:31:in `show'
  Rendering layout layouts/application.html.erb
  Rendering cats/show.html.erb within layouts/application
  Rendered cats/show.html.erb within layouts/application (Duration: 0.1ms | Allocations: 18)
  Rendered layout layouts/application.html.erb (Duration: 2.0ms | Allocations: 1119)
Completed 200 OK in 4ms (Views: 2.4ms | ActiveRecord: 0.2ms | Allocations: 1897)


Started GET "/cats/new" for 127.0.0.1 at 2023-02-19 16:23:11 -0500
Processing by CatsController#new as HTML
  Rendering layout layouts/application.html.erb
  Rendering cats/new.html.erb within layouts/application
  Rendered cats/_form.html.erb (Duration: 0.2ms | Allocations: 66)
  Rendered cats/new.html.erb within layouts/application (Duration: 1.3ms | Allocations: 205)
  Rendered layout layouts/application.html.erb (Duration: 3.7ms | Allocations: 1329)
Completed 200 OK in 5ms (Views: 4.6ms | ActiveRecord: 0.0ms | Allocations: 1602)


Started GET "/cats/1/edit" for 127.0.0.1 at 2023-02-19 16:27:00 -0500
Processing by CatsController#edit as HTML
  Parameters: {"id"=>"1"}
  [1m[36mCat Load (0.5ms)[0m  [1m[34mSELECT "cats".* FROM "cats" WHERE "cats"."id" = $1 LIMIT $2[0m  [["id", 1], ["LIMIT", 1]]
  ↳ app/controllers/cats_controller.rb:24:in `edit'
  Rendering layout layouts/application.html.erb
  Rendering cats/edit.html.erb within layouts/application
  Rendered cats/_form.html.erb (Duration: 1.3ms | Allocations: 635)
  Rendered cats/edit.html.erb within layouts/application (Duration: 2.7ms | Allocations: 877)
  Rendered layout layouts/application.html.erb (Duration: 5.6ms | Allocations: 2378)
Completed 200 OK in 29ms (Views: 7.3ms | ActiveRecord: 8.4ms | Allocations: 6602)


Started GET "/cats/1/edit" for 127.0.0.1 at 2023-02-19 16:27:41 -0500
Processing by CatsController#edit as HTML
  Parameters: {"id"=>"1"}
  [1m[36mCat Load (0.2ms)[0m  [1m[34mSELECT "cats".* FROM "cats" WHERE "cats"."id" = $1 LIMIT $2[0m  [["id", 1], ["LIMIT", 1]]
  ↳ app/controllers/cats_controller.rb:24:in `edit'
  Rendering layout layouts/application.html.erb
  Rendering cats/edit.html.erb within layouts/application
  Rendered cats/_form.html.erb (Duration: 0.9ms | Allocations: 629)
  Rendered cats/edit.html.erb within layouts/application (Duration: 1.9ms | Allocations: 871)
  Rendered layout layouts/application.html.erb (Duration: 4.3ms | Allocations: 2381)
Completed 200 OK in 8ms (Views: 6.2ms | ActiveRecord: 0.2ms | Allocations: 3645)


Started GET "/cats/1/" for 127.0.0.1 at 2023-02-19 16:27:49 -0500
Processing by CatsController#show as HTML
  Parameters: {"id"=>"1"}
  [1m[36mCat Load (0.3ms)[0m  [1m[34mSELECT "cats".* FROM "cats" WHERE "cats"."id" = $1 LIMIT $2[0m  [["id", 1], ["LIMIT", 1]]
  ↳ app/controllers/cats_controller.rb:31:in `show'
  Rendering layout layouts/application.html.erb
  Rendering cats/show.html.erb within layouts/application
  Rendered cats/show.html.erb within layouts/application (Duration: 0.9ms | Allocations: 193)
  Rendered layout layouts/application.html.erb (Duration: 3.3ms | Allocations: 1312)
Completed 200 OK in 6ms (Views: 4.1ms | ActiveRecord: 0.3ms | Allocations: 2226)


Started GET "/cats/1/edit" for 127.0.0.1 at 2023-02-19 16:27:54 -0500
Processing by CatsController#edit as HTML
  Parameters: {"id"=>"1"}
  [1m[36mCat Load (0.3ms)[0m  [1m[34mSELECT "cats".* FROM "cats" WHERE "cats"."id" = $1 LIMIT $2[0m  [["id", 1], ["LIMIT", 1]]
  ↳ app/controllers/cats_controller.rb:24:in `edit'
  Rendering layout layouts/application.html.erb
  Rendering cats/edit.html.erb within layouts/application
  Rendered cats/_form.html.erb (Duration: 0.2ms | Allocations: 83)
  Rendered cats/edit.html.erb within layouts/application (Duration: 0.5ms | Allocations: 143)
  Rendered layout layouts/application.html.erb (Duration: 3.0ms | Allocations: 1265)
Completed 200 OK in 5ms (Views: 3.5ms | ActiveRecord: 0.3ms | Allocations: 1962)


Started GET "/cats/1/edit" for 127.0.0.1 at 2023-02-19 16:29:42 -0500
Processing by CatsController#edit as HTML
  Parameters: {"id"=>"1"}
  [1m[36mCat Load (0.2ms)[0m  [1m[34mSELECT "cats".* FROM "cats" WHERE "cats"."id" = $1 LIMIT $2[0m  [["id", 1], ["LIMIT", 1]]
  ↳ app/controllers/cats_controller.rb:24:in `edit'
  Rendering layout layouts/application.html.erb
  Rendering cats/edit.html.erb within layouts/application
  Rendered cats/_form.html.erb (Duration: 1.4ms | Allocations: 748)
  Rendered cats/edit.html.erb within layouts/application (Duration: 2.7ms | Allocations: 991)
  Rendered layout layouts/application.html.erb (Duration: 6.0ms | Allocations: 2504)
Completed 200 OK in 9ms (Views: 7.7ms | ActiveRecord: 0.2ms | Allocations: 3683)


Started GET "/cats/1/edit" for 127.0.0.1 at 2023-02-19 16:29:50 -0500
Processing by CatsController#edit as HTML
  Parameters: {"id"=>"1"}
  [1m[36mCat Load (0.2ms)[0m  [1m[34mSELECT "cats".* FROM "cats" WHERE "cats"."id" = $1 LIMIT $2[0m  [["id", 1], ["LIMIT", 1]]
  ↳ app/controllers/cats_controller.rb:24:in `edit'
  Rendering layout layouts/application.html.erb
  Rendering cats/edit.html.erb within layouts/application
  Rendered cats/_form.html.erb (Duration: 0.3ms | Allocations: 84)
  Rendered cats/edit.html.erb within layouts/application (Duration: 0.6ms | Allocations: 144)
  Rendered layout layouts/application.html.erb (Duration: 3.5ms | Allocations: 1272)
Completed 200 OK in 6ms (Views: 4.1ms | ActiveRecord: 0.2ms | Allocations: 2051)


Started GET "/cats/1/" for 127.0.0.1 at 2023-02-19 16:34:19 -0500
Processing by CatsController#show as HTML
  Parameters: {"id"=>"1"}
  [1m[36mCat Load (0.2ms)[0m  [1m[34mSELECT "cats".* FROM "cats" WHERE "cats"."id" = $1 LIMIT $2[0m  [["id", 1], ["LIMIT", 1]]
  ↳ app/controllers/cats_controller.rb:31:in `show'
  Rendering layout layouts/application.html.erb
  Rendering cats/show.html.erb within layouts/application
  Rendered cats/show.html.erb within layouts/application (Duration: 1.0ms | Allocations: 225)
  Rendered layout layouts/application.html.erb (Duration: 5.6ms | Allocations: 1730)
Completed 200 OK in 10ms (Views: 8.1ms | ActiveRecord: 0.2ms | Allocations: 2995)


Started GET "/cats/1/edit" for 127.0.0.1 at 2023-02-19 16:34:22 -0500
Processing by CatsController#edit as HTML
  Parameters: {"id"=>"1"}
  [1m[36mCat Load (0.2ms)[0m  [1m[34mSELECT "cats".* FROM "cats" WHERE "cats"."id" = $1 LIMIT $2[0m  [["id", 1], ["LIMIT", 1]]
  ↳ app/controllers/cats_controller.rb:24:in `edit'
  Rendering layout layouts/application.html.erb
  Rendering cats/edit.html.erb within layouts/application
  Rendered cats/_form.html.erb (Duration: 1.5ms | Allocations: 731)
  Rendered cats/edit.html.erb within layouts/application (Duration: 3.2ms | Allocations: 941)
  Rendered layout layouts/application.html.erb (Duration: 5.5ms | Allocations: 2051)
Completed 200 OK in 8ms (Views: 6.4ms | ActiveRecord: 0.2ms | Allocations: 2883)


Started PATCH "/cats/1" for 127.0.0.1 at 2023-02-19 16:34:28 -0500
Processing by CatsController#update as HTML
  Parameters: {"cat"=>{"name"=>"scruffyo", "birth_date"=>"2023-02-15", "color"=>"white", "sex"=>"M", "description"=>"ghjghjk"}, "id"=>"1"}
  [1m[36mCat Load (0.2ms)[0m  [1m[34mSELECT "cats".* FROM "cats" WHERE "cats"."id" = $1 LIMIT $2[0m  [["id", 1], ["LIMIT", 1]]
  ↳ app/controllers/cats_controller.rb:38:in `update'
  [1m[36mTRANSACTION (0.2ms)[0m  [1m[35mBEGIN[0m
  ↳ app/controllers/cats_controller.rb:39:in `update'
  [1m[36mCat Update (0.6ms)[0m  [1m[33mUPDATE "cats" SET "birth_date" = $1, "updated_at" = $2 WHERE "cats"."id" = $3[0m  [["birth_date", "2023-02-15"], ["updated_at", "2023-02-19 21:34:28.431452"], ["id", 1]]
  ↳ app/controllers/cats_controller.rb:39:in `update'
  [1m[36mTRANSACTION (1.4ms)[0m  [1m[35mCOMMIT[0m
  ↳ app/controllers/cats_controller.rb:39:in `update'
Redirected to http://localhost:3000/cats/1
Completed 302 Found in 8ms (ActiveRecord: 2.4ms | Allocations: 2618)


Started GET "/cats/1" for 127.0.0.1 at 2023-02-19 16:34:28 -0500
Processing by CatsController#show as HTML
  Parameters: {"id"=>"1"}
  [1m[36mCat Load (0.2ms)[0m  [1m[34mSELECT "cats".* FROM "cats" WHERE "cats"."id" = $1 LIMIT $2[0m  [["id", 1], ["LIMIT", 1]]
  ↳ app/controllers/cats_controller.rb:31:in `show'
  Rendering layout layouts/application.html.erb
  Rendering cats/show.html.erb within layouts/application
  Rendered cats/show.html.erb within layouts/application (Duration: 0.1ms | Allocations: 19)
  Rendered layout layouts/application.html.erb (Duration: 2.4ms | Allocations: 1132)
Completed 200 OK in 4ms (Views: 2.8ms | ActiveRecord: 0.2ms | Allocations: 1916)


